Change Component Comment : Designator=Res2 Old Comment=Res2 New Comment=0.1uF
Change Component Comment : Designator=Res2 Old Comment=Res2 New Comment=0.1uF
Change Component Comment : Designator=Res2 Old Comment=Res2 New Comment=0K
Change Component Comment : Designator=Res2 Old Comment=Res2 New Comment=0K
Change Component Comment : Designator=Res2 Old Comment=Res2 New Comment=1K
Change Component Comment : Designator=Res2 Old Comment=Res2 New Comment=1uF
Change Component Comment : Designator=Res2 Old Comment=Res2 New Comment=1uF
Change Component Comment : Designator=Res2 Old Comment=Res2 New Comment=1uF
Change Component Comment : Designator=Res2 Old Comment=Res2 New Comment=2
Change Component Comment : Designator=Res2 Old Comment=Res2 New Comment=4.7uH,4A
Change Component Comment : Designator=Res2 Old Comment=Res2 New Comment=8M
Change Component Comment : Designator=Res2 Old Comment=Res2 New Comment=10K
Change Component Comment : Designator=Res2 Old Comment=Res2 New Comment=10K
Change Component Comment : Designator=Res2 Old Comment=Res2 New Comment=10K
Change Component Comment : Designator=Res2 Old Comment=Res2 New Comment=10K
Change Component Comment : Designator=Res2 Old Comment=Res2 New Comment=10K
Change Component Comment : Designator=Res2 Old Comment=Res2 New Comment=10uF/10V
Change Component Comment : Designator=Res2 Old Comment=Res2 New Comment=10uF/10V
Change Component Comment : Designator=Res2 Old Comment=Res2 New Comment=15pF£¬50V
Change Component Comment : Designator=Res2 Old Comment=Res2 New Comment=22uF/25V,X7R
Change Component Comment : Designator=Res2 Old Comment=Res2 New Comment=22uF/25V
Change Component Comment : Designator=Res2 Old Comment=Res2 New Comment=73.2K
Change Component Comment : Designator=Res2 Old Comment=Res2 New Comment=100k,1%
Change Component Comment : Designator=Res2 Old Comment=Res2 New Comment=100k,1%
Change Component Comment : Designator=Res2 Old Comment=Res2 New Comment=100K
Change Component Comment : Designator=Res2 Old Comment=Res2 New Comment=Cap
Change Component Comment : Designator=Res2 Old Comment=Res2 New Comment=Cap
Change Component Comment : Designator=Res2 Old Comment=Res2 New Comment=Cap
Change Component Comment : Designator=Res2 Old Comment=Res2 New Comment=Cap
Change Component Comment : Designator=Res2 Old Comment=Res2 New Comment=Cap
Change Component Comment : Designator=Res2 Old Comment=Res2 New Comment=Cap
Change Component Comment : Designator=Res2 Old Comment=Res2 New Comment=Cap
Change Component Comment : Designator=Res2 Old Comment=Res2 New Comment=Cap
Change Component Comment : Designator=Res2 Old Comment=Res2 New Comment=Cap
Change Component Comment : Designator=Res2 Old Comment=Res2 New Comment=HDR-1X2
Change Component Comment : Designator=Res2 Old Comment=Res2 New Comment=Header 2
Change Component Comment : Designator=Res2 Old Comment=Res2 New Comment=Header 2
Change Component Comment : Designator=Res2 Old Comment=Res2 New Comment=Header 2
Change Component Comment : Designator=Res2 Old Comment=Res2 New Comment=Header 2
Change Component Comment : Designator=Res2 Old Comment=Res2 New Comment=Header 3
Change Component Comment : Designator=Res2 Old Comment=Res2 New Comment=HT7833
Change Component Comment : Designator=Res2 Old Comment=Res2 New Comment=I2C
Change Component Comment : Designator=Res2 Old Comment=Res2 New Comment=JDY-31
Change Component Comment : Designator=Res2 Old Comment=Res2 New Comment=LED0
Change Component Comment : Designator=Res2 Old Comment=Res2 New Comment=LED1
Change Component Comment : Designator=Res2 Old Comment=Res2 New Comment=LED2
Change Component Comment : Designator=Res2 Old Comment=Res2 New Comment=LED3
Change Component Comment : Designator=Res2 Old Comment=Res2 New Comment=LED4
Change Component Comment : Designator=Res2 Old Comment=Res2 New Comment=LED5
Change Component Comment : Designator=Res2 Old Comment=Res2 New Comment=LED6
Change Component Comment : Designator=Res2 Old Comment=Res2 New Comment=LED7
Change Component Comment : Designator=Res2 Old Comment=Res2 New Comment=LED8
Change Component Comment : Designator=Res2 Old Comment=Res2 New Comment=LED9
Change Component Comment : Designator=Res2 Old Comment=Res2 New Comment=LED10
Change Component Comment : Designator=Res2 Old Comment=Res2 New Comment=MHDR1X4
Change Component Comment : Designator=Res2 Old Comment=Res2 New Comment=MHDR1X5
Change Component Comment : Designator=Res2 Old Comment=Res2 New Comment=MPU6050
Change Component Comment : Designator=Res2 Old Comment=Res2 New Comment=NRF24L01
Change Component Comment : Designator=Res2 Old Comment=Res2 New Comment=SI2302
Change Component Comment : Designator=Res2 Old Comment=Res2 New Comment=SI2302
Change Component Comment : Designator=Res2 Old Comment=Res2 New Comment=SI2302
Change Component Comment : Designator=Res2 Old Comment=Res2 New Comment=SI2302
Change Component Comment : Designator=Res2 Old Comment=Res2 New Comment=SS14
Change Component Comment : Designator=Res2 Old Comment=Res2 New Comment=STM32F103C8T6
Change Component Comment : Designator=Res2 Old Comment=Res2 New Comment=SW-DPST
Change Component Comment : Designator=Res2 Old Comment=Res2 New Comment=SWD
Change Component Comment : Designator=Res2 Old Comment=Res2 New Comment=SWITCH
Change Component Comment : Designator=Res2 Old Comment=Res2 New Comment=SX1308
Change Component Comment : Designator=Res2 Old Comment=Res2 New Comment=USART
Change Component Designator: OldDesignator=Res2 NewDesignator=C1
Change Component Designator: OldDesignator=Res2 NewDesignator=C2
Change Component Designator: OldDesignator=Res2 NewDesignator=C3
Change Component Designator: OldDesignator=Res2 NewDesignator=C4
Change Component Designator: OldDesignator=Res2 NewDesignator=C5
Change Component Designator: OldDesignator=Res2 NewDesignator=C6
Change Component Designator: OldDesignator=Res2 NewDesignator=C7
Change Component Designator: OldDesignator=Res2 NewDesignator=C8
Change Component Designator: OldDesignator=Res2 NewDesignator=C9
Change Component Designator: OldDesignator=Res2 NewDesignator=C10
Change Component Designator: OldDesignator=Res2 NewDesignator=C11
Change Component Designator: OldDesignator=Res2 NewDesignator=C12
Change Component Designator: OldDesignator=Res2 NewDesignator=C13
Change Component Designator: OldDesignator=Res2 NewDesignator=C14
Change Component Designator: OldDesignator=Res2 NewDesignator=C15
Change Component Designator: OldDesignator=Res2 NewDesignator=C16
Change Component Designator: OldDesignator=Res2 NewDesignator=C17
Change Component Designator: OldDesignator=Res2 NewDesignator=C98
Change Component Designator: OldDesignator=Res2 NewDesignator=C99
Change Component Designator: OldDesignator=Res2 NewDesignator=D1
Change Component Designator: OldDesignator=Res2 NewDesignator=D2
Change Component Designator: OldDesignator=Res2 NewDesignator=D3
Change Component Designator: OldDesignator=Res2 NewDesignator=D4
Change Component Designator: OldDesignator=Res2 NewDesignator=D5
Change Component Designator: OldDesignator=Res2 NewDesignator=D6
Change Component Designator: OldDesignator=Res2 NewDesignator=D7
Change Component Designator: OldDesignator=Res2 NewDesignator=D8
Change Component Designator: OldDesignator=Res2 NewDesignator=D9
Change Component Designator: OldDesignator=Res2 NewDesignator=D10
Change Component Designator: OldDesignator=Res2 NewDesignator=D11
Change Component Designator: OldDesignator=Res2 NewDesignator=D12
Change Component Designator: OldDesignator=Res2 NewDesignator=K1
Change Component Designator: OldDesignator=Res2 NewDesignator=L1
Change Component Designator: OldDesignator=Res2 NewDesignator=P1
Change Component Designator: OldDesignator=Res2 NewDesignator=P2
Change Component Designator: OldDesignator=Res2 NewDesignator=P3
Change Component Designator: OldDesignator=Res2 NewDesignator=P4
Change Component Designator: OldDesignator=Res2 NewDesignator=P5
Change Component Designator: OldDesignator=Res2 NewDesignator=P6
Change Component Designator: OldDesignator=Res2 NewDesignator=P7
Change Component Designator: OldDesignator=Res2 NewDesignator=P8
Change Component Designator: OldDesignator=Res2 NewDesignator=P9
Change Component Designator: OldDesignator=Res2 NewDesignator=P10
Change Component Designator: OldDesignator=Res2 NewDesignator=P11
Change Component Designator: OldDesignator=Res2 NewDesignator=P12
Change Component Designator: OldDesignator=Res2 NewDesignator=Q1
Change Component Designator: OldDesignator=Res2 NewDesignator=Q2
Change Component Designator: OldDesignator=Res2 NewDesignator=Q3
Change Component Designator: OldDesignator=Res2 NewDesignator=Q4
Change Component Designator: OldDesignator=Res2 NewDesignator=R1
Change Component Designator: OldDesignator=Res2 NewDesignator=R2
Change Component Designator: OldDesignator=Res2 NewDesignator=R3
Change Component Designator: OldDesignator=Res2 NewDesignator=R4
Change Component Designator: OldDesignator=Res2 NewDesignator=R5
Change Component Designator: OldDesignator=Res2 NewDesignator=R6
Change Component Designator: OldDesignator=Res2 NewDesignator=R7
Change Component Designator: OldDesignator=Res2 NewDesignator=R8
Change Component Designator: OldDesignator=Res2 NewDesignator=R9
Change Component Designator: OldDesignator=Res2 NewDesignator=R10
Change Component Designator: OldDesignator=Res2 NewDesignator=R11
Change Component Designator: OldDesignator=Res2 NewDesignator=R12
Change Component Designator: OldDesignator=Res2 NewDesignator=R13
Change Component Designator: OldDesignator=Res2 NewDesignator=R14
Change Component Designator: OldDesignator=Res2 NewDesignator=R15
Change Component Designator: OldDesignator=Res2 NewDesignator=R16
Change Component Designator: OldDesignator=Res2 NewDesignator=R17
Change Component Designator: OldDesignator=Res2 NewDesignator=R18
Change Component Designator: OldDesignator=Res2 NewDesignator=R19
Change Component Designator: OldDesignator=Res2 NewDesignator=R20
Change Component Designator: OldDesignator=Res2 NewDesignator=R21
Change Component Designator: OldDesignator=Res2 NewDesignator=R22
Change Component Designator: OldDesignator=Res2 NewDesignator=R23
Change Component Designator: OldDesignator=Res2 NewDesignator=R24
Change Component Designator: OldDesignator=Res2 NewDesignator=R25
Change Component Designator: OldDesignator=Res2 NewDesignator=R26
Change Component Designator: OldDesignator=Res2 NewDesignator=R27
Change Component Designator: OldDesignator=Res2 NewDesignator=R28
Change Component Designator: OldDesignator=Res2 NewDesignator=S1
Change Component Designator: OldDesignator=Res2 NewDesignator=U1
Change Component Designator: OldDesignator=Res2 NewDesignator=U2
Change Component Designator: OldDesignator=Res2 NewDesignator=U3
Change Component Designator: OldDesignator=Res2 NewDesignator=U4
Change Component Designator: OldDesignator=Res2 NewDesignator=U5
Change Component Designator: OldDesignator=Res2 NewDesignator=Y1
Change component parameters: Designator = "Res2" ("C16"); Footprint = "0603C"; UniqueID = "\FARJYMVG" ("\FARJYMVG")
Change component parameters (AddParameter): Name = "LatestRevisionDate"; Value = "17-Jul-2002"; VariantName = "[No Variations]"
Change component parameters (AddParameter): Name = "LatestRevisionNote"; Value = "Re-released for DXP Platform."; VariantName = "[No Variations]"
Change component parameters (AddParameter): Name = "PackageDescription"; Value = "Radial Cap, Thru-Hole; 2 Leads; 0.3 in Pin Spacing"; VariantName = "[No Variations]"
Change component parameters (AddParameter): Name = "PackageReference"; Value = "RAD-0.3"; VariantName = "[No Variations]"
Change component parameters (AddParameter): Name = "Published"; Value = "8-Jun-2000"; VariantName = "[No Variations]"
Change component parameters (AddParameter): Name = "Publisher"; Value = "Altium Limited"; VariantName = "[No Variations]"
Change component parameters (AddParameter): Name = "Value"; Value = " 0.1¦ÌF ¡À10%, 2V"; VariantName = "[No Variations]"
Added Member To Class: ClassName=FourRouterMy Member=Component C1 Cap
Added Member To Class: ClassName=FourRouterMy Member=Component C2 1uF
Added Member To Class: ClassName=FourRouterMy Member=Component C3 Cap
Added Member To Class: ClassName=FourRouterMy Member=Component C4 Cap
Added Member To Class: ClassName=FourRouterMy Member=Component C5 22uF/25V,X7R
Added Member To Class: ClassName=FourRouterMy Member=Component C6 22uF/25V
Added Member To Class: ClassName=FourRouterMy Member=Component C7 15pF£¬50V
Added Member To Class: ClassName=FourRouterMy Member=Component C8 10uF/10V
Added Member To Class: ClassName=FourRouterMy Member=Component C9 10uF/10V
Added Member To Class: ClassName=FourRouterMy Member=Component C10 0.1uF
Added Member To Class: ClassName=FourRouterMy Member=Component C11 0.1uF
Added Member To Class: ClassName=FourRouterMy Member=Component C12 Cap
Added Member To Class: ClassName=FourRouterMy Member=Component C13 Cap
Added Member To Class: ClassName=FourRouterMy Member=Component C14 Cap
Added Member To Class: ClassName=FourRouterMy Member=Component C15 Cap
Added Member To Class: ClassName=FourRouterMy Member=Component C16 Cap
Added Member To Class: ClassName=FourRouterMy Member=Component C17 Cap
Added Member To Class: ClassName=FourRouterMy Member=Component C98 1uF
Added Member To Class: ClassName=FourRouterMy Member=Component C99 1uF
Added Member To Class: ClassName=FourRouterMy Member=Component D1 SS14
Added Member To Class: ClassName=FourRouterMy Member=Component D2 LED0
Added Member To Class: ClassName=FourRouterMy Member=Component D3 LED1
Added Member To Class: ClassName=FourRouterMy Member=Component D4 LED2
Added Member To Class: ClassName=FourRouterMy Member=Component D5 LED3
Added Member To Class: ClassName=FourRouterMy Member=Component D6 LED4
Added Member To Class: ClassName=FourRouterMy Member=Component D7 LED5
Added Member To Class: ClassName=FourRouterMy Member=Component D8 LED6
Added Member To Class: ClassName=FourRouterMy Member=Component D9 LED7
Added Member To Class: ClassName=FourRouterMy Member=Component D10 LED8
Added Member To Class: ClassName=FourRouterMy Member=Component D11 LED9
Added Member To Class: ClassName=FourRouterMy Member=Component D12 LED10
Added Member To Class: ClassName=FourRouterMy Member=Component K1 SW-DPST
Added Member To Class: ClassName=FourRouterMy Member=Component L1 4.7uH,4A
Added Member To Class: ClassName=FourRouterMy Member=Component P1 SWD
Added Member To Class: ClassName=FourRouterMy Member=Component P2 USART
Added Member To Class: ClassName=FourRouterMy Member=Component P3 HDR-1X2
Added Member To Class: ClassName=FourRouterMy Member=Component P4 MHDR1X5
Added Member To Class: ClassName=FourRouterMy Member=Component P5 MHDR1X4
Added Member To Class: ClassName=FourRouterMy Member=Component P6 NRF24L01
Added Member To Class: ClassName=FourRouterMy Member=Component P7 Header 3
Added Member To Class: ClassName=FourRouterMy Member=Component P8 I2C
Added Member To Class: ClassName=FourRouterMy Member=Component P9 Header 2
Added Member To Class: ClassName=FourRouterMy Member=Component P10 Header 2
Added Member To Class: ClassName=FourRouterMy Member=Component P11 Header 2
Added Member To Class: ClassName=FourRouterMy Member=Component P12 Header 2
Added Member To Class: ClassName=FourRouterMy Member=Component Q1 SI2302
Added Member To Class: ClassName=FourRouterMy Member=Component Q2 SI2302
Added Member To Class: ClassName=FourRouterMy Member=Component Q3 SI2302
Added Member To Class: ClassName=FourRouterMy Member=Component Q4 SI2302
Added Member To Class: ClassName=FourRouterMy Member=Component R1 100k,1%
Added Member To Class: ClassName=FourRouterMy Member=Component R2 Res2
Added Member To Class: ClassName=FourRouterMy Member=Component R3 100k,1%
Added Member To Class: ClassName=FourRouterMy Member=Component R4 Res2
Added Member To Class: ClassName=FourRouterMy Member=Component R5 1K
Added Member To Class: ClassName=FourRouterMy Member=Component R6 73.2K
Added Member To Class: ClassName=FourRouterMy Member=Component R7 Res2
Added Member To Class: ClassName=FourRouterMy Member=Component R8 10K
Added Member To Class: ClassName=FourRouterMy Member=Component R9 100K
Added Member To Class: ClassName=FourRouterMy Member=Component R10 Res2
Added Member To Class: ClassName=FourRouterMy Member=Component R11 Res2
Added Member To Class: ClassName=FourRouterMy Member=Component R12 0K
Added Member To Class: ClassName=FourRouterMy Member=Component R13 0K
Added Member To Class: ClassName=FourRouterMy Member=Component R14 10K
Added Member To Class: ClassName=FourRouterMy Member=Component R15 10K
Added Member To Class: ClassName=FourRouterMy Member=Component R16 10K
Added Member To Class: ClassName=FourRouterMy Member=Component R17 10K
Added Member To Class: ClassName=FourRouterMy Member=Component R18 2
Added Member To Class: ClassName=FourRouterMy Member=Component R19 Res2
Added Member To Class: ClassName=FourRouterMy Member=Component R20 Res2
Added Member To Class: ClassName=FourRouterMy Member=Component R21 Res2
Added Member To Class: ClassName=FourRouterMy Member=Component R22 Res2
Added Member To Class: ClassName=FourRouterMy Member=Component R24 Res2
Added Member To Class: ClassName=FourRouterMy Member=Component R25 Res2
Added Member To Class: ClassName=FourRouterMy Member=Component R26 Res2
Added Member To Class: ClassName=FourRouterMy Member=Component R27 Res2
Added Member To Class: ClassName=FourRouterMy Member=Component R28 Res2
Added Member To Class: ClassName=FourRouterMy Member=Component S1 SWITCH
Added Member To Class: ClassName=FourRouterMy Member=Component U1 STM32F103C8T6
Added Member To Class: ClassName=FourRouterMy Member=Component U2 SX1308
Added Member To Class: ClassName=FourRouterMy Member=Component U3 JDY-31
Added Member To Class: ClassName=FourRouterMy Member=Component U4 HT7833
Added Member To Class: ClassName=FourRouterMy Member=Component U5 MPU6050
Added Member To Class: ClassName=FourRouterMy Member=Component Y1 8M
Added Room: Name=FourRouterMy
